2026-04-15 19:54:38,221 - INFO - ============================================================
2026-04-15 19:54:38,221 - INFO - 程序开始运行
2026-04-15 19:54:38,221 - INFO - 配置文件: maximum=128000
2026-04-15 19:54:38,221 - INFO - 数据库路径: financial_data.db
2026-04-15 19:54:38,221 - INFO - ============================================================
2026-04-15 19:54:38,221 - INFO - 开始处理文件: F:\dddd\财务报告\reports-上交所\600080_20230428_MMWM.md
2026-04-15 19:54:38,228 - INFO - 成功读取文件: F:\dddd\财务报告\reports-上交所\600080_20230428_MMWM.md, 文件大小: 249845 字符
2026-04-15 19:54:38,236 - INFO - 文本分割完成: 原始段落数=6712, 分割后块数=4
2026-04-15 19:54:38,236 - INFO - 初始 last_data 长度: 4027
2026-04-15 19:54:38,236 - INFO - 处理段落 1/4 - 文件: F:\dddd\财务报告\reports-上交所\600080_20230428_MMWM.md
2026-04-15 19:54:38,236 - ERROR - 找不到 prompt 文件: prompt-templates.md
2026-04-15 19:54:38,236 - ERROR - Prompt 为空，跳过段落 1
2026-04-15 19:54:38,236 - INFO - 处理段落 2/4 - 文件: F:\dddd\财务报告\reports-上交所\600080_20230428_MMWM.md
2026-04-15 19:54:38,236 - ERROR - 找不到 prompt 文件: prompt-templates.md
2026-04-15 19:54:38,236 - ERROR - Prompt 为空，跳过段落 2
2026-04-15 19:54:38,236 - INFO - 处理段落 3/4 - 文件: F:\dddd\财务报告\reports-上交所\600080_20230428_MMWM.md
2026-04-15 19:54:38,236 - ERROR - 找不到 prompt 文件: prompt-templates.md
2026-04-15 19:54:38,236 - ERROR - Prompt 为空，跳过段落 3
2026-04-15 19:54:38,236 - INFO - 处理段落 4/4 - 文件: F:\dddd\财务报告\reports-上交所\600080_20230428_MMWM.md
2026-04-15 19:54:38,236 - ERROR - 找不到 prompt 文件: prompt-templates.md
2026-04-15 19:54:38,236 - ERROR - Prompt 为空，跳过段落 4
2026-04-15 19:54:38,236 - INFO - 文件处理完成: F:\dddd\财务报告\reports-上交所\600080_20230428_MMWM.md
2026-04-15 19:54:38,236 - INFO - 程序执行成功！
2026-04-15 19:54:38,244 - INFO - 最终结果已保存到: output\result_20260415_195438.json
2026-04-15 19:54:38,244 - INFO - 程序结束运行
